2019-03-29__16:17:25 1 / 91747 75902	 13%
2019-03-29__16:17:25 1 / 91747 75902	 13%
2019-03-29__16:29:37 1 / 91747 75900	 13%
2019-03-29__16:29:37 1 / 91747 75900	 13%
2019-03-29__16:29:37 1 / 91747 75900	 13%
2019-03-29__16:29:37 1 / 91747 75900	 13%
2019-03-29__16:29:37 1 / 91747 75900	 13%
2019-03-29__16:29:37 1 / 91747 75900	 13%
2019-03-29__16:29:37 1 / 91747 75900	 13%
2019-03-29__16:29:37 1 / 91747 75900	 13%
2019-03-29__16:29:37 1 / 91747 75900	 13%
2019-03-30__14:08:39 1 / 91747 75920	 13%
2019-03-30__14:08:39 1 / 91747 75920	 13%
2019-03-30__14:08:39 1 / 91747 75920	 13%
2019-03-30__14:08:39 1 / 91747 75920	 13%
2019-03-30__14:08:39 1 / 91747 75920	 13%
2019-03-30__14:38:39 1 / 91747 75904	 13%
2019-03-30__14:38:39 1 / 91747 75904	 13%
2019-03-30__15:07:24 1 / 91747 75902	 13%
2019-03-31__10:30:06 1 / 91747 75142	 14%
2019-03-31__10:42:17 1 / 91747 75142	 14%
2019-03-31__10:54:03 1 / 91747 75141	 14%
2019-03-31__12:05:44 1 / 91747 75139	 14%
2019-03-31__12:05:44 1 / 91747 75139	 14%
2019-03-31__12:05:44 1 / 91747 75139	 14%
2019-03-31__12:05:44 1 / 91747 75139	 14%
2019-03-31__12:05:44 1 / 91747 75139	 14%
2019-03-31__12:05:44 1 / 91747 75139	 14%
2019-03-31__12:05:44 1 / 91747 75139	 14%
2019-03-31__18:24:46 1 / 91747 75143	 14%
2019-03-31__18:35:57 1 / 91747 75142	 14%
2019-03-31__18:48:02 1 / 91747 75141	 14%
2019-04-01__22:55:08 1 / 91747 75138	 14%
2019-04-02__00:12:12 1 / 91747 75138	 14%
