2019-03-29__16:17:25 0.72 0.82 0.66 29.56 25.00°C normal
2019-03-29__16:17:25 0.72 0.82 0.66 29.56 25.00°C normal
2019-03-29__16:17:25 0.72 0.82 0.66 29.56 25.00°C normal
2019-03-29__16:17:25 0.72 0.82 0.66 29.56 25.00°C normal
2019-03-29__16:17:25 0.72 0.82 0.66 29.56 25.00°C normal
2019-03-29__16:17:25 0.72 0.82 0.66 29.56 25.00°C normal
2019-03-29__16:17:25 0.72 0.82 0.66 29.56 25.00°C normal
2019-03-29__16:17:25 0.72 0.82 0.66 29.56 25.00°C normal
2019-03-29__16:17:25 0.72 0.82 0.66 29.56 25.00°C normal
2019-03-29__16:17:25 0.72 0.82 0.66 29.56 25.00°C normal
2019-03-29__16:17:25 0.72 0.82 0.66 29.56 25.00°C normal
2019-03-29__16:17:25 0.72 0.82 0.66 29.56 25.00°C normal
2019-03-29__16:17:25 0.72 0.82 0.66 29.56 25.00°C normal
2019-03-29__16:17:25 0.72 0.82 0.66 29.56 25.00°C normal
2019-03-29__16:17:25 0.72 0.82 0.66 29.56 25.00°C normal
2019-03-29__16:17:25 0.72 0.82 0.66 29.56 25.00°C normal
2019-03-29__16:17:25 0.72 0.82 0.66 29.56 25.00°C normal
2019-03-29__16:17:25 0.72 0.82 0.66 29.56 25.00°C normal
2019-03-29__16:17:25 0.72 0.82 0.66 29.56 25.00°C normal
2019-03-29__16:17:25 0.72 0.82 0.66 29.56 25.00°C normal
2019-03-29__16:17:25 0.72 0.82 0.66 29.56 25.00°C normal
2019-03-29__16:17:25 0.72 0.82 0.66 29.56 25.00°C normal
2019-03-29__16:17:25 0.72 0.82 0.66 29.56 25.00°C normal
2019-03-29__16:17:25 0.72 0.82 0.66 29.56 25.00°C normal
2019-03-29__16:29:37 0.43 0.48 0.54 6.38 25.00°C normal
2019-03-29__16:29:37 0.43 0.48 0.54 6.38 25.00°C normal
2019-03-29__16:29:37 0.43 0.48 0.54 6.38 25.00°C normal
2019-03-29__16:29:37 0.43 0.48 0.54 6.38 25.00°C normal
2019-03-29__16:29:37 0.43 0.48 0.54 6.38 25.00°C normal
2019-03-29__16:29:37 0.43 0.48 0.54 6.38 25.00°C normal
2019-03-29__16:29:37 0.43 0.48 0.54 6.38 25.00°C normal
2019-03-29__16:29:37 0.43 0.48 0.54 6.38 25.00°C normal
2019-03-29__16:29:37 0.43 0.48 0.54 6.38 25.00°C normal
2019-03-29__16:29:37 0.43 0.48 0.54 6.38 25.00°C normal
2019-03-29__16:29:37 0.43 0.48 0.54 6.38 25.00°C normal
2019-03-29__16:29:37 0.43 0.48 0.54 6.38 25.00°C normal
2019-03-29__16:29:37 0.43 0.48 0.54 6.38 25.00°C normal
2019-03-29__16:29:37 0.43 0.48 0.54 6.38 25.00°C normal
2019-03-29__16:29:37 0.43 0.48 0.54 6.38 25.00°C normal
2019-03-29__16:29:37 0.43 0.48 0.54 6.38 25.00°C normal
2019-03-29__16:29:37 0.43 0.48 0.54 6.38 25.00°C normal
2019-03-29__16:29:37 0.43 0.48 0.54 6.38 25.00°C normal
2019-03-29__16:29:37 0.43 0.48 0.54 6.38 25.00°C normal
2019-03-29__16:29:37 0.43 0.48 0.54 6.38 25.00°C normal
2019-03-29__16:29:37 0.43 0.48 0.54 6.38 25.00°C normal
2019-03-29__16:29:37 0.43 0.48 0.54 6.38 25.00°C normal
2019-03-29__16:29:37 0.43 0.48 0.54 6.38 25.00°C normal
2019-03-29__16:29:37 0.43 0.48 0.54 6.38 25.00°C normal
2019-03-29__16:29:37 0.43 0.48 0.54 6.38 25.00°C normal
2019-03-29__16:29:37 0.43 0.48 0.54 6.38 25.00°C normal
2019-03-29__16:29:37 0.43 0.48 0.54 6.38 25.00°C normal
2019-03-29__16:29:37 0.43 0.48 0.54 6.38 25.00°C normal
2019-03-29__16:29:37 0.43 0.48 0.54 6.38 25.00°C normal
2019-03-29__16:29:37 0.43 0.48 0.54 6.38 25.00°C normal
2019-03-29__16:29:37 0.43 0.48 0.54 6.38 25.00°C normal
2019-03-29__16:29:37 0.43 0.48 0.54 6.38 25.00°C normal
2019-03-29__16:29:37 0.43 0.48 0.54 6.38 25.00°C normal
2019-03-29__16:29:37 0.43 0.48 0.54 6.38 25.00°C normal
2019-03-29__16:29:37 0.43 0.48 0.54 6.38 25.00°C normal
2019-03-29__16:29:37 0.43 0.48 0.54 6.38 25.00°C normal
2019-03-29__16:29:37 0.43 0.48 0.54 6.38 25.00°C normal
2019-03-29__16:29:37 0.43 0.48 0.54 6.38 25.00°C normal
2019-03-29__16:29:37 0.43 0.48 0.54 6.38 25.00°C normal
2019-03-29__16:29:37 0.43 0.48 0.54 6.38 25.00°C normal
2019-03-29__16:29:37 0.43 0.48 0.54 6.38 25.00°C normal
2019-03-29__16:29:37 0.43 0.48 0.54 6.38 25.00°C normal
2019-03-29__16:29:37 0.43 0.48 0.54 6.38 25.00°C normal
2019-03-29__16:29:37 0.43 0.48 0.54 6.38 25.00°C normal
2019-03-29__16:29:37 0.43 0.48 0.54 6.38 25.00°C normal
2019-03-29__16:29:37 0.43 0.48 0.54 6.38 25.00°C normal
2019-03-29__16:29:37 0.43 0.48 0.54 6.38 25.00°C normal
2019-03-29__16:29:37 0.43 0.48 0.54 6.38 25.00°C normal
2019-03-29__16:29:37 0.43 0.48 0.54 6.38 25.00°C normal
2019-03-29__16:29:37 0.43 0.48 0.54 6.38 25.00°C normal
2019-03-29__16:29:37 0.43 0.48 0.54 6.38 25.00°C normal
2019-03-29__16:29:37 0.43 0.48 0.54 6.38 25.00°C normal
2019-03-29__16:29:37 0.43 0.48 0.54 6.38 25.00°C normal
2019-03-29__16:29:37 0.43 0.48 0.54 6.38 25.00°C normal
2019-03-29__16:29:37 0.43 0.48 0.54 6.38 25.00°C normal
2019-03-29__16:29:37 0.43 0.48 0.54 6.38 25.00°C normal
2019-03-29__16:29:37 0.43 0.48 0.54 6.38 25.00°C normal
2019-03-29__16:29:37 0.43 0.48 0.54 6.38 25.00°C normal
2019-03-29__16:29:37 0.43 0.48 0.54 6.38 25.00°C normal
2019-03-29__16:29:37 0.43 0.48 0.54 6.38 25.00°C normal
2019-03-29__16:29:37 0.43 0.48 0.54 6.38 25.00°C normal
2019-03-29__16:29:37 0.43 0.48 0.54 6.38 25.00°C normal
2019-03-29__16:29:37 0.43 0.48 0.54 6.38 25.00°C normal
2019-03-29__16:29:37 0.43 0.48 0.54 6.38 25.00°C normal
2019-03-29__16:29:37 0.43 0.48 0.54 6.38 25.00°C normal
2019-03-29__16:29:37 0.43 0.48 0.54 6.38 25.00°C normal
2019-03-29__16:29:37 0.43 0.48 0.54 6.38 25.00°C normal
2019-03-29__16:29:37 0.43 0.48 0.54 6.38 25.00°C normal
2019-03-29__16:29:37 0.43 0.48 0.54 6.38 25.00°C normal
2019-03-29__16:29:37 0.43 0.48 0.54 6.38 25.00°C normal
2019-03-29__16:29:37 0.43 0.48 0.54 6.38 25.00°C normal
2019-03-29__16:29:37 0.43 0.48 0.54 6.38 25.00°C normal
2019-03-29__16:29:37 0.43 0.48 0.54 6.38 25.00°C normal
2019-03-29__16:29:37 0.43 0.48 0.54 6.38 25.00°C normal
2019-03-29__16:29:37 0.43 0.48 0.54 6.38 25.00°C normal
2019-03-29__16:29:37 0.43 0.48 0.54 6.38 25.00°C normal
2019-03-29__16:29:37 0.43 0.48 0.54 6.38 25.00°C normal
2019-03-29__16:29:37 0.43 0.48 0.54 6.38 25.00°C normal
2019-03-29__16:29:37 0.43 0.48 0.54 6.38 25.00°C normal
2019-03-29__16:29:37 0.43 0.48 0.54 6.38 25.00°C normal
2019-03-29__16:29:37 0.43 0.48 0.54 6.38 25.00°C normal
2019-03-29__16:29:37 0.43 0.48 0.54 6.38 25.00°C normal
2019-03-29__16:29:37 0.43 0.48 0.54 6.38 25.00°C normal
2019-03-29__16:29:37 0.43 0.48 0.54 6.38 25.00°C normal
2019-03-29__16:29:37 0.43 0.48 0.54 6.38 25.00°C normal
2019-03-29__16:29:37 0.43 0.48 0.54 6.38 25.00°C normal
2019-03-29__16:29:37 0.43 0.48 0.54 6.38 25.00°C normal
2019-03-29__16:29:37 0.43 0.48 0.54 6.38 25.00°C normal
2019-03-29__16:29:37 0.43 0.48 0.54 6.38 25.00°C normal
2019-03-29__16:29:37 0.43 0.48 0.54 6.38 25.00°C normal
2019-03-29__16:29:37 0.43 0.48 0.54 6.38 25.00°C normal
2019-03-29__16:29:37 0.43 0.48 0.54 6.38 25.00°C normal
2019-03-29__16:29:37 0.43 0.48 0.54 6.38 25.00°C normal
2019-03-29__16:29:37 0.43 0.48 0.54 6.38 25.00°C normal
2019-03-29__16:29:37 0.43 0.48 0.54 6.38 25.00°C normal
2019-03-29__16:29:37 0.43 0.48 0.54 6.38 25.00°C normal
2019-03-29__16:29:37 0.43 0.48 0.54 6.38 25.00°C normal
2019-03-30__13:56:23 0.64 0.67 0.44 8.30 25.00°C normal
2019-03-30__13:56:23 0.64 0.67 0.44 8.30 25.00°C normal
2019-03-30__13:56:23 0.64 0.67 0.44 8.30 25.00°C normal
2019-03-30__13:56:23 0.64 0.67 0.44 8.30 25.00°C normal
2019-03-30__13:56:23 0.64 0.67 0.44 8.30 25.00°C normal
2019-03-30__13:56:23 0.64 0.67 0.44 8.30 25.00°C normal
2019-03-30__13:56:23 0.64 0.67 0.44 8.30 25.00°C normal
2019-03-30__14:08:39 0.21 0.24 0.31 7.97 25.00°C normal
2019-03-30__14:08:39 0.21 0.24 0.31 7.97 25.00°C normal
2019-03-30__14:08:39 0.21 0.24 0.31 7.97 25.00°C normal
2019-03-30__14:08:39 0.21 0.24 0.31 7.97 25.00°C normal
2019-03-30__14:08:39 0.21 0.24 0.31 7.97 25.00°C normal
2019-03-30__14:08:39 0.21 0.24 0.31 7.97 25.00°C normal
2019-03-30__14:08:39 0.21 0.24 0.31 7.97 25.00°C normal
2019-03-30__14:08:39 0.21 0.24 0.31 7.97 25.00°C normal
2019-03-30__14:08:39 0.21 0.24 0.31 7.97 25.00°C normal
2019-03-30__14:08:39 0.21 0.24 0.31 7.97 25.00°C normal
2019-03-30__14:08:39 0.21 0.24 0.31 7.97 25.00°C normal
2019-03-30__14:08:39 0.21 0.24 0.31 7.97 25.00°C normal
2019-03-30__14:08:39 0.21 0.24 0.31 7.97 25.00°C normal
2019-03-30__14:08:39 0.21 0.24 0.31 7.97 25.00°C normal
2019-03-30__14:08:39 0.21 0.24 0.31 7.97 25.00°C normal
2019-03-30__14:08:39 0.21 0.24 0.31 7.97 25.00°C normal
2019-03-30__14:08:39 0.21 0.24 0.31 7.97 25.00°C normal
2019-03-30__14:08:39 0.21 0.24 0.31 7.97 25.00°C normal
2019-03-30__14:08:39 0.21 0.24 0.31 7.97 25.00°C normal
2019-03-30__14:08:39 0.21 0.24 0.31 7.97 25.00°C normal
2019-03-30__14:08:39 0.21 0.24 0.31 7.97 25.00°C normal
2019-03-30__14:08:39 0.21 0.24 0.31 7.97 25.00°C normal
2019-03-30__14:08:39 0.21 0.24 0.31 7.97 25.00°C normal
2019-03-30__14:08:39 0.21 0.24 0.31 7.97 25.00°C normal
2019-03-30__14:08:39 0.21 0.24 0.31 7.97 25.00°C normal
2019-03-30__14:08:39 0.21 0.24 0.31 7.97 25.00°C normal
2019-03-30__14:08:39 0.21 0.24 0.31 7.97 25.00°C normal
2019-03-30__14:08:39 0.21 0.24 0.31 7.97 25.00°C normal
2019-03-30__14:08:39 0.21 0.24 0.31 7.97 25.00°C normal
2019-03-30__14:08:39 0.21 0.24 0.31 7.97 25.00°C normal
2019-03-30__14:08:39 0.21 0.24 0.31 7.97 25.00°C normal
2019-03-30__14:08:39 0.21 0.24 0.31 7.97 25.00°C normal
2019-03-30__14:08:39 0.21 0.24 0.31 7.97 25.00°C normal
2019-03-30__14:08:39 0.21 0.24 0.31 7.97 25.00°C normal
2019-03-30__14:08:39 0.21 0.24 0.31 7.97 25.00°C normal
2019-03-30__14:08:39 0.21 0.24 0.31 7.97 25.00°C normal
2019-03-30__14:08:39 0.21 0.24 0.31 7.97 25.00°C normal
2019-03-30__14:08:39 0.21 0.24 0.31 7.97 25.00°C normal
2019-03-30__14:08:39 0.21 0.24 0.31 7.97 25.00°C normal
2019-03-30__14:08:39 0.21 0.24 0.31 7.97 25.00°C normal
2019-03-30__14:08:39 0.21 0.24 0.31 7.97 25.00°C normal
2019-03-30__14:08:39 0.21 0.24 0.31 7.97 25.00°C normal
2019-03-30__14:08:39 0.21 0.24 0.31 7.97 25.00°C normal
2019-03-30__14:08:39 0.21 0.24 0.31 7.97 25.00°C normal
2019-03-30__14:08:39 0.21 0.24 0.31 7.97 25.00°C normal
2019-03-30__14:08:39 0.21 0.24 0.31 7.97 25.00°C normal
2019-03-30__14:08:39 0.21 0.24 0.31 7.97 25.00°C normal
2019-03-30__14:08:39 0.21 0.24 0.31 7.97 25.00°C normal
2019-03-30__14:08:39 0.21 0.24 0.31 7.97 25.00°C normal
2019-03-30__14:08:39 0.21 0.24 0.31 7.97 25.00°C normal
2019-03-30__14:08:39 0.21 0.24 0.31 7.97 25.00°C normal
2019-03-30__14:08:39 0.21 0.24 0.31 7.97 25.00°C normal
2019-03-30__14:08:39 0.21 0.24 0.31 7.97 25.00°C normal
2019-03-30__14:08:39 0.21 0.24 0.31 7.97 25.00°C normal
2019-03-30__14:08:39 0.21 0.24 0.31 7.97 25.00°C normal
2019-03-30__14:08:39 0.21 0.24 0.31 7.97 25.00°C normal
2019-03-30__14:08:39 0.21 0.24 0.31 7.97 25.00°C normal
2019-03-30__14:08:39 0.21 0.24 0.31 7.97 25.00°C normal
2019-03-30__14:08:39 0.21 0.24 0.31 7.97 25.00°C normal
2019-03-30__14:08:39 0.21 0.24 0.31 7.97 25.00°C normal
2019-03-30__14:38:39 0.38 0.56 0.53 3.52 25.00°C normal
2019-03-30__14:38:39 0.38 0.56 0.53 3.52 25.00°C normal
2019-03-30__14:38:39 0.38 0.56 0.53 3.52 25.00°C normal
2019-03-30__14:38:39 0.38 0.56 0.53 3.52 25.00°C normal
2019-03-30__14:38:39 0.38 0.56 0.53 3.52 25.00°C normal
2019-03-30__14:38:39 0.38 0.56 0.53 3.52 25.00°C normal
2019-03-30__14:38:39 0.38 0.56 0.53 3.52 25.00°C normal
2019-03-30__14:38:39 0.38 0.56 0.53 3.52 25.00°C normal
2019-03-30__14:38:39 0.38 0.56 0.53 3.52 25.00°C normal
2019-03-30__14:38:39 0.38 0.56 0.53 3.52 25.00°C normal
2019-03-30__14:38:39 0.38 0.56 0.53 3.52 25.00°C normal
2019-03-30__14:38:39 0.38 0.56 0.53 3.52 25.00°C normal
2019-03-30__14:38:39 0.38 0.56 0.53 3.52 25.00°C normal
2019-03-30__14:38:39 0.38 0.56 0.53 3.52 25.00°C normal
2019-03-30__14:38:39 0.38 0.56 0.53 3.52 25.00°C normal
2019-03-30__14:38:39 0.38 0.56 0.53 3.52 25.00°C normal
2019-03-30__14:38:39 0.38 0.56 0.53 3.52 25.00°C normal
2019-03-30__14:38:39 0.38 0.56 0.53 3.52 25.00°C normal
2019-03-30__14:38:39 0.38 0.56 0.53 3.52 25.00°C normal
2019-03-30__14:38:39 0.38 0.56 0.53 3.52 25.00°C normal
2019-03-30__14:38:39 0.38 0.56 0.53 3.52 25.00°C normal
2019-03-30__14:38:39 0.38 0.56 0.53 3.52 25.00°C normal
2019-03-30__15:07:24 2.11 1.20 0.81 49.02 25.00°C normal
2019-03-30__15:07:24 2.11 1.20 0.81 49.02 25.00°C normal
2019-03-30__15:07:24 2.11 1.20 0.81 49.02 25.00°C normal
2019-03-30__15:07:24 2.11 1.20 0.81 49.02 25.00°C normal
2019-03-30__15:07:24 2.11 1.20 0.81 49.02 25.00°C normal
2019-03-30__15:07:24 2.11 1.20 0.81 49.02 25.00°C normal
2019-03-30__15:07:24 2.11 1.20 0.81 49.02 25.00°C normal
2019-03-30__15:07:24 2.11 1.20 0.81 49.02 25.00°C normal
2019-03-30__15:07:24 2.11 1.20 0.81 49.02 25.00°C normal
2019-03-30__15:07:24 2.11 1.20 0.81 49.02 25.00°C normal
2019-03-30__15:07:24 2.11 1.20 0.81 49.02 25.00°C normal
2019-03-30__15:07:24 2.11 1.20 0.81 49.02 25.00°C normal
2019-03-30__16:23:02 1.17 1.03 1.14 26.81 25.00°C normal
2019-03-30__16:23:02 1.17 1.03 1.14 26.81 25.00°C normal
2019-03-30__16:23:02 1.17 1.03 1.14 26.81 25.00°C normal
2019-03-30__16:23:02 1.17 1.03 1.14 26.81 25.00°C normal
2019-03-30__16:23:02 1.17 1.03 1.14 26.81 25.00°C normal
2019-03-30__16:30:49 1.23 1.05 1.09 39.03 25.00°C normal
2019-03-30__16:37:44 1.06 0.97 1.03 22.67 25.00°C normal
2019-03-30__16:44:54 2.48 1.36 1.14 18.00 25.00°C normal
2019-03-30__16:45:41 1.85 1.35 1.14 24.76 25.00°C normal
2019-03-30__16:47:48 1.47 1.38 1.18 26.97 25.00°C normal
2019-03-30__16:47:48 1.47 1.38 1.18 26.97 25.00°C normal
2019-03-30__16:47:48 1.47 1.38 1.18 26.97 25.00°C normal
2019-03-30__16:52:45 1.06 1.18 1.15 22.78 25.00°C normal
2019-03-30__16:57:52 1.17 1.33 1.26 17.26 25.00°C normal
2019-03-30__16:57:52 1.17 1.33 1.26 17.26 25.00°C normal
2019-03-30__16:57:52 1.17 1.33 1.26 17.26 25.00°C normal
2019-03-30__17:06:58 0.77 1.08 1.23 22.71 25.00°C normal
2019-03-30__17:06:58 0.77 1.08 1.23 22.71 25.00°C normal
2019-03-30__17:06:58 0.77 1.08 1.23 22.71 25.00°C normal
2019-03-30__17:06:58 0.77 1.08 1.23 22.71 25.00°C normal
2019-03-30__17:06:58 0.77 1.08 1.23 22.71 25.00°C normal
2019-03-30__17:06:58 0.77 1.08 1.23 22.71 25.00°C normal
2019-03-30__17:15:26 2.47 1.79 1.47 30.35 25.00°C normal
2019-03-30__17:16:41 2.36 1.98 1.56 15.58 25.00°C normal
2019-03-30__17:19:50 1.55 1.88 1.62 33.84 25.00°C normal
2019-03-30__17:19:50 1.55 1.88 1.62 33.84 25.00°C normal
2019-03-30__17:19:50 1.55 1.88 1.62 33.84 25.00°C normal
2019-03-30__18:14:46 0.78 0.93 1.01 33.83 25.00°C normal
2019-03-30__18:26:45 2.01 1.68 1.41 44.61 25.00°C normal
2019-03-30__18:27:54 3.23 2.08 1.57 44.28 25.00°C normal
2019-03-30__18:27:54 3.23 2.08 1.57 44.28 25.00°C normal
2019-03-30__18:36:44 2.26 1.82 1.68 36.82 25.00°C normal
2019-03-30__19:18:48 1.18 1.51 1.73 19.80 25.00°C normal
2019-03-30__20:52:20 0.76 0.41 0.33 8.05 25.00°C normal
2019-03-30__20:53:06 1.04 0.52 0.37 11.45 25.00°C normal
2019-03-30__20:53:06 1.04 0.52 0.37 11.45 25.00°C normal
2019-03-30__20:53:06 1.04 0.52 0.37 11.45 25.00°C normal
2019-03-31__10:30:06 0.25 0.24 0.16 13.94 25.00°C normal
2019-03-31__10:30:06 0.25 0.24 0.16 13.94 25.00°C normal
2019-03-31__10:30:06 0.25 0.24 0.16 13.94 25.00°C normal
2019-03-31__10:30:06 0.25 0.24 0.16 13.94 25.00°C normal
2019-03-31__10:30:06 0.25 0.24 0.16 13.94 25.00°C normal
2019-03-31__10:30:06 0.25 0.24 0.16 13.94 25.00°C normal
2019-03-31__10:30:06 0.25 0.24 0.16 13.94 25.00°C normal
2019-03-31__10:30:06 0.25 0.24 0.16 13.94 25.00°C normal
2019-03-31__10:30:06 0.25 0.24 0.16 13.94 25.00°C normal
2019-03-31__10:30:06 0.25 0.24 0.16 13.94 25.00°C normal
2019-03-31__10:30:06 0.25 0.24 0.16 13.94 25.00°C normal
2019-03-31__10:30:06 0.25 0.24 0.16 13.94 25.00°C normal
2019-03-31__10:42:17 0.17 0.14 0.15 9.86 25.00°C normal
2019-03-31__10:42:17 0.17 0.14 0.15 9.86 25.00°C normal
2019-03-31__10:42:17 0.17 0.14 0.15 9.86 25.00°C normal
2019-03-31__10:42:17 0.17 0.14 0.15 9.86 25.00°C normal
2019-03-31__10:42:17 0.17 0.14 0.15 9.86 25.00°C normal
2019-03-31__10:42:17 0.17 0.14 0.15 9.86 25.00°C normal
2019-03-31__10:42:17 0.17 0.14 0.15 9.86 25.00°C normal
2019-03-31__10:42:17 0.17 0.14 0.15 9.86 25.00°C normal
2019-03-31__10:42:17 0.17 0.14 0.15 9.86 25.00°C normal
2019-03-31__10:42:17 0.17 0.14 0.15 9.86 25.00°C normal
2019-03-31__10:42:17 0.17 0.14 0.15 9.86 25.00°C normal
2019-03-31__10:42:17 0.17 0.14 0.15 9.86 25.00°C normal
2019-03-31__10:42:17 0.17 0.14 0.15 9.86 25.00°C normal
2019-03-31__10:42:17 0.17 0.14 0.15 9.86 25.00°C normal
2019-03-31__10:42:17 0.17 0.14 0.15 9.86 25.00°C normal
2019-03-31__10:49:19 0.38 0.36 0.25 4.53 25.00°C normal
2019-03-31__10:49:19 0.38 0.36 0.25 4.53 25.00°C normal
2019-03-31__10:49:19 0.38 0.36 0.25 4.53 25.00°C normal
2019-03-31__10:49:19 0.38 0.36 0.25 4.53 25.00°C normal
2019-03-31__10:54:03 0.27 0.35 0.27 11.39 25.00°C normal
2019-03-31__10:54:03 0.27 0.35 0.27 11.39 25.00°C normal
2019-03-31__10:54:03 0.27 0.35 0.27 11.39 25.00°C normal
2019-03-31__10:54:03 0.27 0.35 0.27 11.39 25.00°C normal
2019-03-31__10:54:03 0.27 0.35 0.27 11.39 25.00°C normal
2019-03-31__10:54:03 0.27 0.35 0.27 11.39 25.00°C normal
2019-03-31__10:54:03 0.27 0.35 0.27 11.39 25.00°C normal
2019-03-31__10:54:03 0.27 0.35 0.27 11.39 25.00°C normal
2019-03-31__10:54:03 0.27 0.35 0.27 11.39 25.00°C normal
2019-03-31__10:54:03 0.27 0.35 0.27 11.39 25.00°C normal
2019-03-31__10:54:03 0.27 0.35 0.27 11.39 25.00°C normal
2019-03-31__10:54:03 0.27 0.35 0.27 11.39 25.00°C normal
2019-03-31__10:54:03 0.27 0.35 0.27 11.39 25.00°C normal
2019-03-31__10:54:03 0.27 0.35 0.27 11.39 25.00°C normal
2019-03-31__10:54:03 0.27 0.35 0.27 11.39 25.00°C normal
2019-03-31__10:54:03 0.27 0.35 0.27 11.39 25.00°C normal
2019-03-31__10:54:03 0.27 0.35 0.27 11.39 25.00°C normal
2019-03-31__10:54:03 0.27 0.35 0.27 11.39 25.00°C normal
2019-03-31__10:54:03 0.27 0.35 0.27 11.39 25.00°C normal
2019-03-31__11:03:41 0.35 0.44 0.38 4.48 25.00°C normal
2019-03-31__11:03:41 0.35 0.44 0.38 4.48 25.00°C normal
2019-03-31__11:03:41 0.35 0.44 0.38 4.48 25.00°C normal
2019-03-31__11:03:41 0.35 0.44 0.38 4.48 25.00°C normal
2019-03-31__11:03:41 0.35 0.44 0.38 4.48 25.00°C normal
2019-03-31__11:03:41 0.35 0.44 0.38 4.48 25.00°C normal
2019-03-31__11:03:41 0.35 0.44 0.38 4.48 25.00°C normal
2019-03-31__11:03:41 0.35 0.44 0.38 4.48 25.00°C normal
2019-03-31__11:03:41 0.35 0.44 0.38 4.48 25.00°C normal
2019-03-31__11:03:41 0.35 0.44 0.38 4.48 25.00°C normal
2019-03-31__12:05:44 0.60 0.57 0.43 5.95 25.00°C normal
2019-03-31__12:05:44 0.60 0.57 0.43 5.95 25.00°C normal
2019-03-31__12:05:44 0.60 0.57 0.43 5.95 25.00°C normal
2019-03-31__12:05:44 0.60 0.57 0.43 5.95 25.00°C normal
2019-03-31__12:05:44 0.60 0.57 0.43 5.95 25.00°C normal
2019-03-31__12:05:44 0.60 0.57 0.43 5.95 25.00°C normal
2019-03-31__12:05:44 0.60 0.57 0.43 5.95 25.00°C normal
2019-03-31__12:05:44 0.60 0.57 0.43 5.95 25.00°C normal
2019-03-31__12:05:44 0.60 0.57 0.43 5.95 25.00°C normal
2019-03-31__12:05:44 0.60 0.57 0.43 5.95 25.00°C normal
2019-03-31__12:05:44 0.60 0.57 0.43 5.95 25.00°C normal
2019-03-31__12:05:44 0.60 0.57 0.43 5.95 25.00°C normal
2019-03-31__12:05:44 0.60 0.57 0.43 5.95 25.00°C normal
2019-03-31__12:05:44 0.60 0.57 0.43 5.95 25.00°C normal
2019-03-31__12:05:44 0.60 0.57 0.43 5.95 25.00°C normal
2019-03-31__12:05:44 0.60 0.57 0.43 5.95 25.00°C normal
2019-03-31__12:05:44 0.60 0.57 0.43 5.95 25.00°C normal
2019-03-31__12:05:44 0.60 0.57 0.43 5.95 25.00°C normal
2019-03-31__12:05:44 0.60 0.57 0.43 5.95 25.00°C normal
2019-03-31__12:05:44 0.60 0.57 0.43 5.95 25.00°C normal
2019-03-31__12:05:44 0.60 0.57 0.43 5.95 25.00°C normal
2019-03-31__12:05:44 0.60 0.57 0.43 5.95 25.00°C normal
2019-03-31__12:05:44 0.60 0.57 0.43 5.95 25.00°C normal
2019-03-31__12:05:44 0.60 0.57 0.43 5.95 25.00°C normal
2019-03-31__12:05:44 0.60 0.57 0.43 5.95 25.00°C normal
2019-03-31__12:05:44 0.60 0.57 0.43 5.95 25.00°C normal
2019-03-31__12:05:44 0.60 0.57 0.43 5.95 25.00°C normal
2019-03-31__12:05:44 0.60 0.57 0.43 5.95 25.00°C normal
2019-03-31__12:05:44 0.60 0.57 0.43 5.95 25.00°C normal
2019-03-31__12:05:44 0.60 0.57 0.43 5.95 25.00°C normal
2019-03-31__12:05:44 0.60 0.57 0.43 5.95 25.00°C normal
2019-03-31__12:05:44 0.60 0.57 0.43 5.95 25.00°C normal
2019-03-31__12:05:44 0.60 0.57 0.43 5.95 25.00°C normal
2019-03-31__12:05:44 0.60 0.57 0.43 5.95 25.00°C normal
2019-03-31__12:05:44 0.60 0.57 0.43 5.95 25.00°C normal
2019-03-31__12:05:44 0.60 0.57 0.43 5.95 25.00°C normal
2019-03-31__12:05:44 0.60 0.57 0.43 5.95 25.00°C normal
2019-03-31__12:05:44 0.60 0.57 0.43 5.95 25.00°C normal
2019-03-31__12:05:44 0.60 0.57 0.43 5.95 25.00°C normal
2019-03-31__12:05:44 0.60 0.57 0.43 5.95 25.00°C normal
2019-03-31__12:05:44 0.60 0.57 0.43 5.95 25.00°C normal
2019-03-31__12:05:44 0.60 0.57 0.43 5.95 25.00°C normal
2019-03-31__12:05:44 0.60 0.57 0.43 5.95 25.00°C normal
2019-03-31__12:05:44 0.60 0.57 0.43 5.95 25.00°C normal
2019-03-31__12:05:44 0.60 0.57 0.43 5.95 25.00°C normal
2019-03-31__12:05:44 0.60 0.57 0.43 5.95 25.00°C normal
2019-03-31__12:05:44 0.60 0.57 0.43 5.95 25.00°C normal
2019-03-31__12:05:44 0.60 0.57 0.43 5.95 25.00°C normal
2019-03-31__12:05:44 0.60 0.57 0.43 5.95 25.00°C normal
2019-03-31__12:05:44 0.60 0.57 0.43 5.95 25.00°C normal
2019-03-31__12:05:44 0.60 0.57 0.43 5.95 25.00°C normal
2019-03-31__12:05:44 0.60 0.57 0.43 5.95 25.00°C normal
2019-03-31__12:05:44 0.60 0.57 0.43 5.95 25.00°C normal
2019-03-31__12:05:44 0.60 0.57 0.43 5.95 25.00°C normal
2019-03-31__12:05:44 0.60 0.57 0.43 5.95 25.00°C normal
2019-03-31__12:05:44 0.60 0.57 0.43 5.95 25.00°C normal
2019-03-31__12:05:44 0.60 0.57 0.43 5.95 25.00°C normal
2019-03-31__12:05:44 0.60 0.57 0.43 5.95 25.00°C normal
2019-03-31__12:05:44 0.60 0.57 0.43 5.95 25.00°C normal
2019-03-31__12:05:44 0.60 0.57 0.43 5.95 25.00°C normal
2019-03-31__12:05:44 0.60 0.57 0.43 5.95 25.00°C normal
2019-03-31__12:05:44 0.60 0.57 0.43 5.95 25.00°C normal
2019-03-31__12:05:44 0.60 0.57 0.43 5.95 25.00°C normal
2019-03-31__12:05:44 0.60 0.57 0.43 5.95 25.00°C normal
2019-03-31__12:05:44 0.60 0.57 0.43 5.95 25.00°C normal
2019-03-31__12:05:44 0.60 0.57 0.43 5.95 25.00°C normal
2019-03-31__12:05:44 0.60 0.57 0.43 5.95 25.00°C normal
2019-03-31__12:05:44 0.60 0.57 0.43 5.95 25.00°C normal
2019-03-31__12:05:44 0.60 0.57 0.43 5.95 25.00°C normal
2019-03-31__12:05:44 0.60 0.57 0.43 5.95 25.00°C normal
2019-03-31__12:05:44 0.60 0.57 0.43 5.95 25.00°C normal
2019-03-31__12:05:44 0.60 0.57 0.43 5.95 25.00°C normal
2019-03-31__12:05:44 0.60 0.57 0.43 5.95 25.00°C normal
2019-03-31__12:05:44 0.60 0.57 0.43 5.95 25.00°C normal
2019-03-31__12:05:44 0.60 0.57 0.43 5.95 25.00°C normal
2019-03-31__12:05:44 0.60 0.57 0.43 5.95 25.00°C normal
2019-03-31__12:05:44 0.60 0.57 0.43 5.95 25.00°C normal
2019-03-31__12:05:44 0.60 0.57 0.43 5.95 25.00°C normal
2019-03-31__12:05:44 0.60 0.57 0.43 5.95 25.00°C normal
2019-03-31__12:05:44 0.60 0.57 0.43 5.95 25.00°C normal
2019-03-31__12:05:44 0.60 0.57 0.43 5.95 25.00°C normal
2019-03-31__12:05:44 0.60 0.57 0.43 5.95 25.00°C normal
2019-03-31__12:05:44 0.60 0.57 0.43 5.95 25.00°C normal
2019-03-31__12:05:44 0.60 0.57 0.43 5.95 25.00°C normal
2019-03-31__12:05:44 0.60 0.57 0.43 5.95 25.00°C normal
2019-03-31__13:09:19 0.36 0.28 0.20 4.46 25.00°C normal
2019-03-31__13:10:18 0.13 0.23 0.19 4.44 25.00°C normal
2019-03-31__18:24:46 0.84 0.31 0.12 18.19 25.00°C normal
2019-03-31__18:24:46 0.84 0.31 0.12 18.19 25.00°C normal
2019-03-31__18:24:46 0.84 0.31 0.12 18.19 25.00°C normal
2019-03-31__18:24:46 0.84 0.31 0.12 18.19 25.00°C normal
2019-03-31__18:24:46 0.84 0.31 0.12 18.19 25.00°C normal
2019-03-31__18:24:46 0.84 0.31 0.12 18.19 25.00°C normal
2019-03-31__18:24:46 0.84 0.31 0.12 18.19 25.00°C normal
2019-03-31__18:24:46 0.84 0.31 0.12 18.19 25.00°C normal
2019-03-31__18:24:46 0.84 0.31 0.12 18.19 25.00°C normal
2019-03-31__18:24:46 0.84 0.31 0.12 18.19 25.00°C normal
2019-03-31__18:24:46 0.84 0.31 0.12 18.19 25.00°C normal
2019-03-31__18:24:46 0.84 0.31 0.12 18.19 25.00°C normal
2019-03-31__18:24:46 0.84 0.31 0.12 18.19 25.00°C normal
2019-03-31__18:24:46 0.84 0.31 0.12 18.19 25.00°C normal
2019-03-31__18:24:46 0.84 0.31 0.12 18.19 25.00°C normal
2019-03-31__18:24:46 0.84 0.31 0.12 18.19 25.00°C normal
2019-03-31__18:24:46 0.84 0.31 0.12 18.19 25.00°C normal
2019-03-31__18:24:46 0.84 0.31 0.12 18.19 25.00°C normal
2019-03-31__18:35:57 0.25 0.32 0.21 13.50 25.00°C normal
2019-03-31__18:35:57 0.25 0.32 0.21 13.50 25.00°C normal
2019-03-31__18:35:57 0.25 0.32 0.21 13.50 25.00°C normal
2019-03-31__18:35:57 0.25 0.32 0.21 13.50 25.00°C normal
2019-03-31__18:35:57 0.25 0.32 0.21 13.50 25.00°C normal
2019-03-31__18:35:57 0.25 0.32 0.21 13.50 25.00°C normal
2019-03-31__18:35:57 0.25 0.32 0.21 13.50 25.00°C normal
2019-03-31__18:35:57 0.25 0.32 0.21 13.50 25.00°C normal
2019-03-31__18:35:57 0.25 0.32 0.21 13.50 25.00°C normal
2019-03-31__18:35:57 0.25 0.32 0.21 13.50 25.00°C normal
2019-03-31__18:35:57 0.25 0.32 0.21 13.50 25.00°C normal
2019-03-31__18:35:57 0.25 0.32 0.21 13.50 25.00°C normal
2019-03-31__18:35:57 0.25 0.32 0.21 13.50 25.00°C normal
2019-03-31__18:35:57 0.25 0.32 0.21 13.50 25.00°C normal
2019-03-31__18:35:57 0.25 0.32 0.21 13.50 25.00°C normal
2019-03-31__18:35:57 0.25 0.32 0.21 13.50 25.00°C normal
2019-03-31__18:35:57 0.25 0.32 0.21 13.50 25.00°C normal
2019-03-31__18:35:57 0.25 0.32 0.21 13.50 25.00°C normal
2019-03-31__18:35:57 0.25 0.32 0.21 13.50 25.00°C normal
2019-03-31__18:48:02 0.37 0.41 0.32 5.40 25.00°C normal
2019-03-31__18:48:02 0.37 0.41 0.32 5.40 25.00°C normal
2019-03-31__18:48:02 0.37 0.41 0.32 5.40 25.00°C normal
2019-03-31__18:48:02 0.37 0.41 0.32 5.40 25.00°C normal
2019-03-31__18:48:02 0.37 0.41 0.32 5.40 25.00°C normal
2019-03-31__18:48:02 0.37 0.41 0.32 5.40 25.00°C normal
2019-03-31__18:48:02 0.37 0.41 0.32 5.40 25.00°C normal
2019-03-31__18:48:02 0.37 0.41 0.32 5.40 25.00°C normal
2019-03-31__18:48:02 0.37 0.41 0.32 5.40 25.00°C normal
2019-03-31__18:48:02 0.37 0.41 0.32 5.40 25.00°C normal
2019-03-31__18:48:02 0.37 0.41 0.32 5.40 25.00°C normal
2019-03-31__18:48:02 0.37 0.41 0.32 5.40 25.00°C normal
2019-04-01__19:32:15 0.36 0.33 0.25 7.97 25.00°C normal
2019-04-01__19:36:17 0.40 0.34 0.27 6.97 25.00°C normal
2019-04-01__19:36:17 0.40 0.34 0.27 6.97 25.00°C normal
2019-04-01__19:36:17 0.40 0.34 0.27 6.97 25.00°C normal
2019-04-01__19:36:17 0.40 0.34 0.27 6.97 25.00°C normal
2019-04-01__19:36:17 0.40 0.34 0.27 6.97 25.00°C normal
2019-04-01__19:36:17 0.40 0.34 0.27 6.97 25.00°C normal
2019-04-01__19:40:55 0.22 0.47 0.36 5.98 25.00°C normal
2019-04-01__19:40:55 0.22 0.47 0.36 5.98 25.00°C normal
2019-04-01__22:55:08 0.19 0.21 0.22 10.56 25.00°C normal
2019-04-01__22:55:08 0.19 0.21 0.22 10.56 25.00°C normal
2019-04-01__22:55:08 0.19 0.21 0.22 10.56 25.00°C normal
2019-04-01__22:55:08 0.19 0.21 0.22 10.56 25.00°C normal
2019-04-01__22:55:08 0.19 0.21 0.22 10.56 25.00°C normal
2019-04-01__22:55:08 0.19 0.21 0.22 10.56 25.00°C normal
2019-04-01__22:55:08 0.19 0.21 0.22 10.56 25.00°C normal
2019-04-01__22:55:08 0.19 0.21 0.22 10.56 25.00°C normal
2019-04-01__22:55:08 0.19 0.21 0.22 10.56 25.00°C normal
2019-04-01__22:55:08 0.19 0.21 0.22 10.56 25.00°C normal
2019-04-01__23:20:14 0.48 0.37 0.30 3.45 25.00°C normal
2019-04-01__23:21:59 0.12 0.28 0.27 4.48 25.00°C normal
2019-04-01__23:21:59 0.12 0.28 0.27 4.48 25.00°C normal
2019-04-01__23:21:59 0.12 0.28 0.27 4.48 25.00°C normal
2019-04-01__23:21:59 0.12 0.28 0.27 4.48 25.00°C normal
2019-04-01__23:25:13 0.26 0.27 0.27 4.50 25.00°C normal
2019-04-01__23:25:13 0.26 0.27 0.27 4.50 25.00°C normal
2019-04-01__23:38:09 0.31 0.33 0.30 16.67 25.00°C normal
2019-04-01__23:43:37 0.60 0.35 0.30 4.91 25.00°C normal
2019-04-02__00:05:33 0.89 0.45 0.33 8.26 25.00°C normal
2019-04-02__00:06:10 0.60 0.44 0.33 3.99 25.00°C normal
2019-04-02__00:06:10 0.60 0.44 0.33 3.99 25.00°C normal
2019-04-02__00:06:10 0.60 0.44 0.33 3.99 25.00°C normal
2019-04-02__00:12:12 0.49 0.45 0.36 3.47 25.00°C normal
2019-04-02__00:12:12 0.49 0.45 0.36 3.47 25.00°C normal
2019-04-02__00:12:12 0.49 0.45 0.36 3.47 25.00°C normal
2019-04-02__00:12:12 0.49 0.45 0.36 3.47 25.00°C normal
2019-04-02__00:12:12 0.49 0.45 0.36 3.47 25.00°C normal
2019-04-02__00:12:12 0.49 0.45 0.36 3.47 25.00°C normal
2019-04-02__00:12:12 0.49 0.45 0.36 3.47 25.00°C normal
2019-04-02__00:12:12 0.49 0.45 0.36 3.47 25.00°C normal
2019-04-02__00:12:12 0.49 0.45 0.36 3.47 25.00°C normal
2019-04-02__00:12:12 0.49 0.45 0.36 3.47 25.00°C normal
2019-04-02__00:12:12 0.49 0.45 0.36 3.47 25.00°C normal
2019-04-02__18:35:56 1.11 0.64 0.58 4.98 25.00°C normal
2019-04-02__19:08:51 0.60 0.46 0.48 11.00 25.00°C normal
2019-04-02__19:08:51 0.60 0.46 0.48 11.00 25.00°C normal
2019-04-02__20:16:35 0.18 0.25 0.29 50.27 25.00°C normal
2019-04-02__20:16:35 0.18 0.25 0.29 50.27 25.00°C normal
2019-04-02__20:16:35 0.18 0.25 0.29 50.27 25.00°C normal
2019-04-02__20:16:35 0.18 0.25 0.29 50.27 25.00°C normal
2019-04-02__20:16:35 0.18 0.25 0.29 50.27 25.00°C normal
2019-04-02__20:16:35 0.18 0.25 0.29 50.27 25.00°C normal
2019-04-04__19:33:16 0.34 0.37 0.36 10.21 25.00°C normal
2019-04-05__15:33:24 0.70 0.86 0.69 58.86 25.00°C normal
2019-04-05__15:33:24 0.70 0.86 0.69 58.86 25.00°C normal
2019-04-05__15:33:24 0.70 0.86 0.69 58.86 25.00°C normal
